The system is: Darwin - 19.6.0 - x86_64
Compiling the C compiler identification source file "CMakeCCompilerId.c" succeeded.
Compiler: /usr/local/opt/llvm@8/bin/clang 
Build flags: 
Id flags:  

The output was:
0


Compilation of the C compiler identification source "CMakeCCompilerId.c" produced "a.out"

The C compiler identification is Clang, found in "/Users/pxcai/cpx/source/pyju/build/CMakeFiles/3.20.1/CompilerIdC/a.out"

Compiling the CXX compiler identification source file "CMakeCXXCompilerId.cpp" succeeded.
Compiler: /usr/local/opt/llvm@8/bin/clang++ 
Build flags: 
Id flags:  

The output was:
0


Compilation of the CXX compiler identification source "CMakeCXXCompilerId.cpp" produced "a.out"

The CXX compiler identification is Clang, found in "/Users/pxcai/cpx/source/pyju/build/CMakeFiles/3.20.1/CompilerIdCXX/a.out"

Checking whether the ASM compiler is Clang using "--version" matched "(clang version)":
clang version 8.0.1 (tags/RELEASE_801/final)
Target: x86_64-apple-darwin19.6.0
Thread model: posix
InstalledDir: /usr/local/opt/llvm@8/bin
Detecting C compiler ABI info compiled with the following output:
Change Dir: /Users/pxcai/cpx/source/pyju/build/CMakeFiles/CMakeTmp

Run Build Command(s):/usr/bin/make -f Makefile cmTC_5652e/fast && /Library/Developer/CommandLineTools/usr/bin/make  -f CMakeFiles/cmTC_5652e.dir/build.make CMakeFiles/cmTC_5652e.dir/build
Building C object CMakeFiles/cmTC_5652e.dir/CMakeCCompilerABI.c.o
/usr/local/opt/llvm@8/bin/clang   -isysroot /Library/Developer/CommandLineTools/SDKs/MacOSX11.1.sdk -mmacosx-version-min=10.15   -v -Wl,-v -MD -MT CMakeFiles/cmTC_5652e.dir/CMakeCCompilerABI.c.o -MF CMakeFiles/cmTC_5652e.dir/CMakeCCompilerABI.c.o.d -o CMakeFiles/cmTC_5652e.dir/CMakeCCompilerABI.c.o -c /usr/local/Cellar/cmake/3.20.1/share/cmake/Modules/CMakeCCompilerABI.c
clang version 8.0.1 (tags/RELEASE_801/final)
Target: x86_64-apple-darwin19.6.0
Thread model: posix
InstalledDir: /usr/local/opt/llvm@8/bin
clang-8: warning: -Wl,-v: 'linker' input unused [-Wunused-command-line-argument]
 "/usr/local/Cellar/llvm@8/8.0.1_3/bin/clang-8" -cc1 -triple x86_64-apple-macosx10.15.0 -Wdeprecated-objc-isa-usage -Werror=deprecated-objc-isa-usage -emit-obj -mrelax-all -disable-free -disable-llvm-verifier -discard-value-names -main-file-name CMakeCCompilerABI.c -mrelocation-model pic -pic-level 2 -mthread-model posix -mdisable-fp-elim -masm-verbose -munwind-tables -target-sdk-version=11.1 -target-cpu penryn -dwarf-column-info -debugger-tuning=lldb -ggnu-pubnames -target-linker-version 556.6 -v -coverage-notes-file /Users/pxcai/cpx/source/pyju/build/CMakeFiles/CMakeTmp/CMakeFiles/cmTC_5652e.dir/CMakeCCompilerABI.c.gcno -resource-dir /usr/local/Cellar/llvm@8/8.0.1_3/lib/clang/8.0.1 -dependency-file CMakeFiles/cmTC_5652e.dir/CMakeCCompilerABI.c.o.d -sys-header-deps -MT CMakeFiles/cmTC_5652e.dir/CMakeCCompilerABI.c.o -isysroot /Library/Developer/CommandLineTools/SDKs/MacOSX11.1.sdk -fdebug-compilation-dir /Users/pxcai/cpx/source/pyju/build/CMakeFiles/CMakeTmp -ferror-limit 19 -fmessage-length 0 -stack-protector 1 -fblocks -fencode-extended-block-signature -fregister-global-dtors-with-atexit -fobjc-runtime=macosx-10.15.0 -fmax-type-align=16 -fdiagnostics-show-option -o CMakeFiles/cmTC_5652e.dir/CMakeCCompilerABI.c.o -x c /usr/local/Cellar/cmake/3.20.1/share/cmake/Modules/CMakeCCompilerABI.c
clang -cc1 version 8.0.1 based upon LLVM 8.0.1 default target x86_64-apple-darwin19.6.0
ignoring nonexistent directory "/Library/Developer/CommandLineTools/SDKs/MacOSX11.1.sdk/usr/local/include"
ignoring nonexistent directory "/Library/Developer/CommandLineTools/SDKs/MacOSX11.1.sdk/Library/Frameworks"
#include "..." search starts here:
#include <...> search starts here:
 /usr/local/Cellar/llvm@8/8.0.1_3/lib/clang/8.0.1/include
 /Library/Developer/CommandLineTools/SDKs/MacOSX11.1.sdk/usr/include
 /Library/Developer/CommandLineTools/SDKs/MacOSX11.1.sdk/System/Library/Frameworks (framework directory)
End of search list.
Linking C executable cmTC_5652e
/usr/local/Cellar/cmake/3.20.1/bin/cmake -E cmake_link_script CMakeFiles/cmTC_5652e.dir/link.txt --verbose=1
/usr/local/opt/llvm@8/bin/clang  -isysroot /Library/Developer/CommandLineTools/SDKs/MacOSX11.1.sdk -mmacosx-version-min=10.15 -Wl,-search_paths_first -Wl,-headerpad_max_install_names  -v -Wl,-v CMakeFiles/cmTC_5652e.dir/CMakeCCompilerABI.c.o -o cmTC_5652e 
clang version 8.0.1 (tags/RELEASE_801/final)
Target: x86_64-apple-darwin19.6.0
Thread model: posix
InstalledDir: /usr/local/opt/llvm@8/bin
 "/usr/bin/ld" -demangle -lto_library /usr/local/Cellar/llvm@8/8.0.1_3/lib/libLTO.dylib -dynamic -arch x86_64 -macosx_version_min 10.15.0 -syslibroot /Library/Developer/CommandLineTools/SDKs/MacOSX.sdk -o cmTC_5652e -search_paths_first -headerpad_max_install_names -v CMakeFiles/cmTC_5652e.dir/CMakeCCompilerABI.c.o -lSystem /usr/local/Cellar/llvm@8/8.0.1_3/lib/clang/8.0.1/lib/darwin/libclang_rt.osx.a
@(#)PROGRAM:ld  PROJECT:ld64-609.8
BUILD 15:07:46 Dec 18 2020
configured to support archs: armv6 armv7 armv7s arm64 arm64e arm64_32 i386 x86_64 x86_64h armv6m armv7k armv7m armv7em
Library search paths:
	/Library/Developer/CommandLineTools/SDKs/MacOSX.sdk/usr/lib
Framework search paths:
	/Library/Developer/CommandLineTools/SDKs/MacOSX.sdk/System/Library/Frameworks/



Parsed C implicit include dir info from above output: rv=done
  found start of include info
  found start of implicit include info
    add: [/usr/local/Cellar/llvm@8/8.0.1_3/lib/clang/8.0.1/include]
    add: [/Library/Developer/CommandLineTools/SDKs/MacOSX11.1.sdk/usr/include]
  end of search list found
  collapse include dir [/usr/local/Cellar/llvm@8/8.0.1_3/lib/clang/8.0.1/include] ==> [/usr/local/Cellar/llvm@8/8.0.1_3/lib/clang/8.0.1/include]
  collapse include dir [/Library/Developer/CommandLineTools/SDKs/MacOSX11.1.sdk/usr/include] ==> [/Library/Developer/CommandLineTools/SDKs/MacOSX11.1.sdk/usr/include]
  implicit include dirs: [/usr/local/Cellar/llvm@8/8.0.1_3/lib/clang/8.0.1/include;/Library/Developer/CommandLineTools/SDKs/MacOSX11.1.sdk/usr/include]


Parsed C implicit link information from above output:
  link line regex: [^( *|.*[/\])(ld|CMAKE_LINK_STARTFILE-NOTFOUND|([^/\]+-)?ld|collect2)[^/\]*( |$)]
  ignore line: [Change Dir: /Users/pxcai/cpx/source/pyju/build/CMakeFiles/CMakeTmp]
  ignore line: []
  ignore line: [Run Build Command(s):/usr/bin/make -f Makefile cmTC_5652e/fast && /Library/Developer/CommandLineTools/usr/bin/make  -f CMakeFiles/cmTC_5652e.dir/build.make CMakeFiles/cmTC_5652e.dir/build]
  ignore line: [Building C object CMakeFiles/cmTC_5652e.dir/CMakeCCompilerABI.c.o]
  ignore line: [/usr/local/opt/llvm@8/bin/clang   -isysroot /Library/Developer/CommandLineTools/SDKs/MacOSX11.1.sdk -mmacosx-version-min=10.15   -v -Wl -v -MD -MT CMakeFiles/cmTC_5652e.dir/CMakeCCompilerABI.c.o -MF CMakeFiles/cmTC_5652e.dir/CMakeCCompilerABI.c.o.d -o CMakeFiles/cmTC_5652e.dir/CMakeCCompilerABI.c.o -c /usr/local/Cellar/cmake/3.20.1/share/cmake/Modules/CMakeCCompilerABI.c]
  ignore line: [clang version 8.0.1 (tags/RELEASE_801/final)]
  ignore line: [Target: x86_64-apple-darwin19.6.0]
  ignore line: [Thread model: posix]
  ignore line: [InstalledDir: /usr/local/opt/llvm@8/bin]
  ignore line: [clang-8: warning: -Wl -v: 'linker' input unused [-Wunused-command-line-argument]]
  ignore line: [ "/usr/local/Cellar/llvm@8/8.0.1_3/bin/clang-8" -cc1 -triple x86_64-apple-macosx10.15.0 -Wdeprecated-objc-isa-usage -Werror=deprecated-objc-isa-usage -emit-obj -mrelax-all -disable-free -disable-llvm-verifier -discard-value-names -main-file-name CMakeCCompilerABI.c -mrelocation-model pic -pic-level 2 -mthread-model posix -mdisable-fp-elim -masm-verbose -munwind-tables -target-sdk-version=11.1 -target-cpu penryn -dwarf-column-info -debugger-tuning=lldb -ggnu-pubnames -target-linker-version 556.6 -v -coverage-notes-file /Users/pxcai/cpx/source/pyju/build/CMakeFiles/CMakeTmp/CMakeFiles/cmTC_5652e.dir/CMakeCCompilerABI.c.gcno -resource-dir /usr/local/Cellar/llvm@8/8.0.1_3/lib/clang/8.0.1 -dependency-file CMakeFiles/cmTC_5652e.dir/CMakeCCompilerABI.c.o.d -sys-header-deps -MT CMakeFiles/cmTC_5652e.dir/CMakeCCompilerABI.c.o -isysroot /Library/Developer/CommandLineTools/SDKs/MacOSX11.1.sdk -fdebug-compilation-dir /Users/pxcai/cpx/source/pyju/build/CMakeFiles/CMakeTmp -ferror-limit 19 -fmessage-length 0 -stack-protector 1 -fblocks -fencode-extended-block-signature -fregister-global-dtors-with-atexit -fobjc-runtime=macosx-10.15.0 -fmax-type-align=16 -fdiagnostics-show-option -o CMakeFiles/cmTC_5652e.dir/CMakeCCompilerABI.c.o -x c /usr/local/Cellar/cmake/3.20.1/share/cmake/Modules/CMakeCCompilerABI.c]
  ignore line: [clang -cc1 version 8.0.1 based upon LLVM 8.0.1 default target x86_64-apple-darwin19.6.0]
  ignore line: [ignoring nonexistent directory "/Library/Developer/CommandLineTools/SDKs/MacOSX11.1.sdk/usr/local/include"]
  ignore line: [ignoring nonexistent directory "/Library/Developer/CommandLineTools/SDKs/MacOSX11.1.sdk/Library/Frameworks"]
  ignore line: [#include "..." search starts here:]
  ignore line: [#include <...> search starts here:]
  ignore line: [ /usr/local/Cellar/llvm@8/8.0.1_3/lib/clang/8.0.1/include]
  ignore line: [ /Library/Developer/CommandLineTools/SDKs/MacOSX11.1.sdk/usr/include]
  ignore line: [ /Library/Developer/CommandLineTools/SDKs/MacOSX11.1.sdk/System/Library/Frameworks (framework directory)]
  ignore line: [End of search list.]
  ignore line: [Linking C executable cmTC_5652e]
  ignore line: [/usr/local/Cellar/cmake/3.20.1/bin/cmake -E cmake_link_script CMakeFiles/cmTC_5652e.dir/link.txt --verbose=1]
  ignore line: [/usr/local/opt/llvm@8/bin/clang  -isysroot /Library/Developer/CommandLineTools/SDKs/MacOSX11.1.sdk -mmacosx-version-min=10.15 -Wl -search_paths_first -Wl -headerpad_max_install_names  -v -Wl -v CMakeFiles/cmTC_5652e.dir/CMakeCCompilerABI.c.o -o cmTC_5652e ]
  ignore line: [clang version 8.0.1 (tags/RELEASE_801/final)]
  ignore line: [Target: x86_64-apple-darwin19.6.0]
  ignore line: [Thread model: posix]
  ignore line: [InstalledDir: /usr/local/opt/llvm@8/bin]
  link line: [ "/usr/bin/ld" -demangle -lto_library /usr/local/Cellar/llvm@8/8.0.1_3/lib/libLTO.dylib -dynamic -arch x86_64 -macosx_version_min 10.15.0 -syslibroot /Library/Developer/CommandLineTools/SDKs/MacOSX.sdk -o cmTC_5652e -search_paths_first -headerpad_max_install_names -v CMakeFiles/cmTC_5652e.dir/CMakeCCompilerABI.c.o -lSystem /usr/local/Cellar/llvm@8/8.0.1_3/lib/clang/8.0.1/lib/darwin/libclang_rt.osx.a]
    arg [/usr/bin/ld] ==> ignore
    arg [-demangle] ==> ignore
    arg [-lto_library] ==> ignore, skip following value
    arg [/usr/local/Cellar/llvm@8/8.0.1_3/lib/libLTO.dylib] ==> skip value of -lto_library
    arg [-dynamic] ==> ignore
    arg [-arch] ==> ignore
    arg [x86_64] ==> ignore
    arg [-macosx_version_min] ==> ignore
    arg [10.15.0] ==> ignore
    arg [-syslibroot] ==> ignore
    arg [/Library/Developer/CommandLineTools/SDKs/MacOSX.sdk] ==> ignore
    arg [-o] ==> ignore
    arg [cmTC_5652e] ==> ignore
    arg [-search_paths_first] ==> ignore
    arg [-headerpad_max_install_names] ==> ignore
    arg [-v] ==> ignore
    arg [CMakeFiles/cmTC_5652e.dir/CMakeCCompilerABI.c.o] ==> ignore
    arg [-lSystem] ==> lib [System]
    arg [/usr/local/Cellar/llvm@8/8.0.1_3/lib/clang/8.0.1/lib/darwin/libclang_rt.osx.a] ==> lib [/usr/local/Cellar/llvm@8/8.0.1_3/lib/clang/8.0.1/lib/darwin/libclang_rt.osx.a]
  Library search paths: [;/Library/Developer/CommandLineTools/SDKs/MacOSX.sdk/usr/lib]
  Framework search paths: [;/Library/Developer/CommandLineTools/SDKs/MacOSX.sdk/System/Library/Frameworks/]
  remove lib [System]
  remove lib [/usr/local/Cellar/llvm@8/8.0.1_3/lib/clang/8.0.1/lib/darwin/libclang_rt.osx.a]
  collapse library dir [/Library/Developer/CommandLineTools/SDKs/MacOSX.sdk/usr/lib] ==> [/Library/Developer/CommandLineTools/SDKs/MacOSX.sdk/usr/lib]
  collapse framework dir [/Library/Developer/CommandLineTools/SDKs/MacOSX.sdk/System/Library/Frameworks/] ==> [/Library/Developer/CommandLineTools/SDKs/MacOSX.sdk/System/Library/Frameworks]
  implicit libs: []
  implicit objs: []
  implicit dirs: [/Library/Developer/CommandLineTools/SDKs/MacOSX.sdk/usr/lib]
  implicit fwks: [/Library/Developer/CommandLineTools/SDKs/MacOSX.sdk/System/Library/Frameworks]


Detecting CXX compiler ABI info compiled with the following output:
Change Dir: /Users/pxcai/cpx/source/pyju/build/CMakeFiles/CMakeTmp

Run Build Command(s):/usr/bin/make -f Makefile cmTC_82590/fast && /Library/Developer/CommandLineTools/usr/bin/make  -f CMakeFiles/cmTC_82590.dir/build.make CMakeFiles/cmTC_82590.dir/build
Building CXX object CMakeFiles/cmTC_82590.dir/CMakeCXXCompilerABI.cpp.o
/usr/local/opt/llvm@8/bin/clang++   -isysroot /Library/Developer/CommandLineTools/SDKs/MacOSX11.1.sdk -mmacosx-version-min=10.15   -v -Wl,-v -std=gnu++2a -MD -MT CMakeFiles/cmTC_82590.dir/CMakeCXXCompilerABI.cpp.o -MF CMakeFiles/cmTC_82590.dir/CMakeCXXCompilerABI.cpp.o.d -o CMakeFiles/cmTC_82590.dir/CMakeCXXCompilerABI.cpp.o -c /usr/local/Cellar/cmake/3.20.1/share/cmake/Modules/CMakeCXXCompilerABI.cpp
clang version 8.0.1 (tags/RELEASE_801/final)
Target: x86_64-apple-darwin19.6.0
Thread model: posix
InstalledDir: /usr/local/opt/llvm@8/bin
clang-8: warning: -Wl,-v: 'linker' input unused [-Wunused-command-line-argument]
 "/usr/local/Cellar/llvm@8/8.0.1_3/bin/clang-8" -cc1 -triple x86_64-apple-macosx10.15.0 -Wdeprecated-objc-isa-usage -Werror=deprecated-objc-isa-usage -emit-obj -mrelax-all -disable-free -disable-llvm-verifier -discard-value-names -main-file-name CMakeCXXCompilerABI.cpp -mrelocation-model pic -pic-level 2 -mthread-model posix -mdisable-fp-elim -masm-verbose -munwind-tables -target-sdk-version=11.1 -target-cpu penryn -dwarf-column-info -debugger-tuning=lldb -ggnu-pubnames -target-linker-version 556.6 -v -coverage-notes-file /Users/pxcai/cpx/source/pyju/build/CMakeFiles/CMakeTmp/CMakeFiles/cmTC_82590.dir/CMakeCXXCompilerABI.cpp.gcno -resource-dir /usr/local/Cellar/llvm@8/8.0.1_3/lib/clang/8.0.1 -dependency-file CMakeFiles/cmTC_82590.dir/CMakeCXXCompilerABI.cpp.o.d -sys-header-deps -MT CMakeFiles/cmTC_82590.dir/CMakeCXXCompilerABI.cpp.o -isysroot /Library/Developer/CommandLineTools/SDKs/MacOSX11.1.sdk -stdlib=libc++ -internal-isystem /usr/local/opt/llvm@8/bin/../include/c++/v1 -std=gnu++2a -fdeprecated-macro -fdebug-compilation-dir /Users/pxcai/cpx/source/pyju/build/CMakeFiles/CMakeTmp -ferror-limit 19 -fmessage-length 0 -stack-protector 1 -fblocks -fencode-extended-block-signature -fregister-global-dtors-with-atexit -fobjc-runtime=macosx-10.15.0 -fcxx-exceptions -fexceptions -fmax-type-align=16 -fdiagnostics-show-option -o CMakeFiles/cmTC_82590.dir/CMakeCXXCompilerABI.cpp.o -x c++ /usr/local/Cellar/cmake/3.20.1/share/cmake/Modules/CMakeCXXCompilerABI.cpp
clang -cc1 version 8.0.1 based upon LLVM 8.0.1 default target x86_64-apple-darwin19.6.0
ignoring nonexistent directory "/Library/Developer/CommandLineTools/SDKs/MacOSX11.1.sdk/usr/include/c++/v1"
ignoring nonexistent directory "/Library/Developer/CommandLineTools/SDKs/MacOSX11.1.sdk/usr/local/include"
ignoring nonexistent directory "/Library/Developer/CommandLineTools/SDKs/MacOSX11.1.sdk/Library/Frameworks"
#include "..." search starts here:
#include <...> search starts here:
 /usr/local/opt/llvm@8/bin/../include/c++/v1
 /usr/local/Cellar/llvm@8/8.0.1_3/lib/clang/8.0.1/include
 /Library/Developer/CommandLineTools/SDKs/MacOSX11.1.sdk/usr/include
 /Library/Developer/CommandLineTools/SDKs/MacOSX11.1.sdk/System/Library/Frameworks (framework directory)
End of search list.
Linking CXX executable cmTC_82590
/usr/local/Cellar/cmake/3.20.1/bin/cmake -E cmake_link_script CMakeFiles/cmTC_82590.dir/link.txt --verbose=1
/usr/local/opt/llvm@8/bin/clang++  -isysroot /Library/Developer/CommandLineTools/SDKs/MacOSX11.1.sdk -mmacosx-version-min=10.15 -Wl,-search_paths_first -Wl,-headerpad_max_install_names  -v -Wl,-v CMakeFiles/cmTC_82590.dir/CMakeCXXCompilerABI.cpp.o -o cmTC_82590 
clang version 8.0.1 (tags/RELEASE_801/final)
Target: x86_64-apple-darwin19.6.0
Thread model: posix
InstalledDir: /usr/local/opt/llvm@8/bin
 "/usr/bin/ld" -demangle -lto_library /usr/local/Cellar/llvm@8/8.0.1_3/lib/libLTO.dylib -dynamic -arch x86_64 -macosx_version_min 10.15.0 -syslibroot /Library/Developer/CommandLineTools/SDKs/MacOSX.sdk -o cmTC_82590 -search_paths_first -headerpad_max_install_names -v CMakeFiles/cmTC_82590.dir/CMakeCXXCompilerABI.cpp.o -lc++ -lSystem /usr/local/Cellar/llvm@8/8.0.1_3/lib/clang/8.0.1/lib/darwin/libclang_rt.osx.a
@(#)PROGRAM:ld  PROJECT:ld64-609.8
BUILD 15:07:46 Dec 18 2020
configured to support archs: armv6 armv7 armv7s arm64 arm64e arm64_32 i386 x86_64 x86_64h armv6m armv7k armv7m armv7em
Library search paths:
	/Library/Developer/CommandLineTools/SDKs/MacOSX.sdk/usr/lib
Framework search paths:
	/Library/Developer/CommandLineTools/SDKs/MacOSX.sdk/System/Library/Frameworks/



Parsed CXX implicit include dir info from above output: rv=done
  found start of include info
  found start of implicit include info
    add: [/usr/local/opt/llvm@8/bin/../include/c++/v1]
    add: [/usr/local/Cellar/llvm@8/8.0.1_3/lib/clang/8.0.1/include]
    add: [/Library/Developer/CommandLineTools/SDKs/MacOSX11.1.sdk/usr/include]
  end of search list found
  collapse include dir [/usr/local/opt/llvm@8/bin/../include/c++/v1] ==> [/usr/local/opt/llvm@8/include/c++/v1]
  collapse include dir [/usr/local/Cellar/llvm@8/8.0.1_3/lib/clang/8.0.1/include] ==> [/usr/local/Cellar/llvm@8/8.0.1_3/lib/clang/8.0.1/include]
  collapse include dir [/Library/Developer/CommandLineTools/SDKs/MacOSX11.1.sdk/usr/include] ==> [/Library/Developer/CommandLineTools/SDKs/MacOSX11.1.sdk/usr/include]
  implicit include dirs: [/usr/local/opt/llvm@8/include/c++/v1;/usr/local/Cellar/llvm@8/8.0.1_3/lib/clang/8.0.1/include;/Library/Developer/CommandLineTools/SDKs/MacOSX11.1.sdk/usr/include]


Parsed CXX implicit link information from above output:
  link line regex: [^( *|.*[/\])(ld|CMAKE_LINK_STARTFILE-NOTFOUND|([^/\]+-)?ld|collect2)[^/\]*( |$)]
  ignore line: [Change Dir: /Users/pxcai/cpx/source/pyju/build/CMakeFiles/CMakeTmp]
  ignore line: []
  ignore line: [Run Build Command(s):/usr/bin/make -f Makefile cmTC_82590/fast && /Library/Developer/CommandLineTools/usr/bin/make  -f CMakeFiles/cmTC_82590.dir/build.make CMakeFiles/cmTC_82590.dir/build]
  ignore line: [Building CXX object CMakeFiles/cmTC_82590.dir/CMakeCXXCompilerABI.cpp.o]
  ignore line: [/usr/local/opt/llvm@8/bin/clang++   -isysroot /Library/Developer/CommandLineTools/SDKs/MacOSX11.1.sdk -mmacosx-version-min=10.15   -v -Wl -v -std=gnu++2a -MD -MT CMakeFiles/cmTC_82590.dir/CMakeCXXCompilerABI.cpp.o -MF CMakeFiles/cmTC_82590.dir/CMakeCXXCompilerABI.cpp.o.d -o CMakeFiles/cmTC_82590.dir/CMakeCXXCompilerABI.cpp.o -c /usr/local/Cellar/cmake/3.20.1/share/cmake/Modules/CMakeCXXCompilerABI.cpp]
  ignore line: [clang version 8.0.1 (tags/RELEASE_801/final)]
  ignore line: [Target: x86_64-apple-darwin19.6.0]
  ignore line: [Thread model: posix]
  ignore line: [InstalledDir: /usr/local/opt/llvm@8/bin]
  ignore line: [clang-8: warning: -Wl -v: 'linker' input unused [-Wunused-command-line-argument]]
  ignore line: [ "/usr/local/Cellar/llvm@8/8.0.1_3/bin/clang-8" -cc1 -triple x86_64-apple-macosx10.15.0 -Wdeprecated-objc-isa-usage -Werror=deprecated-objc-isa-usage -emit-obj -mrelax-all -disable-free -disable-llvm-verifier -discard-value-names -main-file-name CMakeCXXCompilerABI.cpp -mrelocation-model pic -pic-level 2 -mthread-model posix -mdisable-fp-elim -masm-verbose -munwind-tables -target-sdk-version=11.1 -target-cpu penryn -dwarf-column-info -debugger-tuning=lldb -ggnu-pubnames -target-linker-version 556.6 -v -coverage-notes-file /Users/pxcai/cpx/source/pyju/build/CMakeFiles/CMakeTmp/CMakeFiles/cmTC_82590.dir/CMakeCXXCompilerABI.cpp.gcno -resource-dir /usr/local/Cellar/llvm@8/8.0.1_3/lib/clang/8.0.1 -dependency-file CMakeFiles/cmTC_82590.dir/CMakeCXXCompilerABI.cpp.o.d -sys-header-deps -MT CMakeFiles/cmTC_82590.dir/CMakeCXXCompilerABI.cpp.o -isysroot /Library/Developer/CommandLineTools/SDKs/MacOSX11.1.sdk -stdlib=libc++ -internal-isystem /usr/local/opt/llvm@8/bin/../include/c++/v1 -std=gnu++2a -fdeprecated-macro -fdebug-compilation-dir /Users/pxcai/cpx/source/pyju/build/CMakeFiles/CMakeTmp -ferror-limit 19 -fmessage-length 0 -stack-protector 1 -fblocks -fencode-extended-block-signature -fregister-global-dtors-with-atexit -fobjc-runtime=macosx-10.15.0 -fcxx-exceptions -fexceptions -fmax-type-align=16 -fdiagnostics-show-option -o CMakeFiles/cmTC_82590.dir/CMakeCXXCompilerABI.cpp.o -x c++ /usr/local/Cellar/cmake/3.20.1/share/cmake/Modules/CMakeCXXCompilerABI.cpp]
  ignore line: [clang -cc1 version 8.0.1 based upon LLVM 8.0.1 default target x86_64-apple-darwin19.6.0]
  ignore line: [ignoring nonexistent directory "/Library/Developer/CommandLineTools/SDKs/MacOSX11.1.sdk/usr/include/c++/v1"]
  ignore line: [ignoring nonexistent directory "/Library/Developer/CommandLineTools/SDKs/MacOSX11.1.sdk/usr/local/include"]
  ignore line: [ignoring nonexistent directory "/Library/Developer/CommandLineTools/SDKs/MacOSX11.1.sdk/Library/Frameworks"]
  ignore line: [#include "..." search starts here:]
  ignore line: [#include <...> search starts here:]
  ignore line: [ /usr/local/opt/llvm@8/bin/../include/c++/v1]
  ignore line: [ /usr/local/Cellar/llvm@8/8.0.1_3/lib/clang/8.0.1/include]
  ignore line: [ /Library/Developer/CommandLineTools/SDKs/MacOSX11.1.sdk/usr/include]
  ignore line: [ /Library/Developer/CommandLineTools/SDKs/MacOSX11.1.sdk/System/Library/Frameworks (framework directory)]
  ignore line: [End of search list.]
  ignore line: [Linking CXX executable cmTC_82590]
  ignore line: [/usr/local/Cellar/cmake/3.20.1/bin/cmake -E cmake_link_script CMakeFiles/cmTC_82590.dir/link.txt --verbose=1]
  ignore line: [/usr/local/opt/llvm@8/bin/clang++  -isysroot /Library/Developer/CommandLineTools/SDKs/MacOSX11.1.sdk -mmacosx-version-min=10.15 -Wl -search_paths_first -Wl -headerpad_max_install_names  -v -Wl -v CMakeFiles/cmTC_82590.dir/CMakeCXXCompilerABI.cpp.o -o cmTC_82590 ]
  ignore line: [clang version 8.0.1 (tags/RELEASE_801/final)]
  ignore line: [Target: x86_64-apple-darwin19.6.0]
  ignore line: [Thread model: posix]
  ignore line: [InstalledDir: /usr/local/opt/llvm@8/bin]
  link line: [ "/usr/bin/ld" -demangle -lto_library /usr/local/Cellar/llvm@8/8.0.1_3/lib/libLTO.dylib -dynamic -arch x86_64 -macosx_version_min 10.15.0 -syslibroot /Library/Developer/CommandLineTools/SDKs/MacOSX.sdk -o cmTC_82590 -search_paths_first -headerpad_max_install_names -v CMakeFiles/cmTC_82590.dir/CMakeCXXCompilerABI.cpp.o -lc++ -lSystem /usr/local/Cellar/llvm@8/8.0.1_3/lib/clang/8.0.1/lib/darwin/libclang_rt.osx.a]
    arg [/usr/bin/ld] ==> ignore
    arg [-demangle] ==> ignore
    arg [-lto_library] ==> ignore, skip following value
    arg [/usr/local/Cellar/llvm@8/8.0.1_3/lib/libLTO.dylib] ==> skip value of -lto_library
    arg [-dynamic] ==> ignore
    arg [-arch] ==> ignore
    arg [x86_64] ==> ignore
    arg [-macosx_version_min] ==> ignore
    arg [10.15.0] ==> ignore
    arg [-syslibroot] ==> ignore
    arg [/Library/Developer/CommandLineTools/SDKs/MacOSX.sdk] ==> ignore
    arg [-o] ==> ignore
    arg [cmTC_82590] ==> ignore
    arg [-search_paths_first] ==> ignore
    arg [-headerpad_max_install_names] ==> ignore
    arg [-v] ==> ignore
    arg [CMakeFiles/cmTC_82590.dir/CMakeCXXCompilerABI.cpp.o] ==> ignore
    arg [-lc++] ==> lib [c++]
    arg [-lSystem] ==> lib [System]
    arg [/usr/local/Cellar/llvm@8/8.0.1_3/lib/clang/8.0.1/lib/darwin/libclang_rt.osx.a] ==> lib [/usr/local/Cellar/llvm@8/8.0.1_3/lib/clang/8.0.1/lib/darwin/libclang_rt.osx.a]
  Library search paths: [;/Library/Developer/CommandLineTools/SDKs/MacOSX.sdk/usr/lib]
  Framework search paths: [;/Library/Developer/CommandLineTools/SDKs/MacOSX.sdk/System/Library/Frameworks/]
  remove lib [System]
  remove lib [/usr/local/Cellar/llvm@8/8.0.1_3/lib/clang/8.0.1/lib/darwin/libclang_rt.osx.a]
  collapse library dir [/Library/Developer/CommandLineTools/SDKs/MacOSX.sdk/usr/lib] ==> [/Library/Developer/CommandLineTools/SDKs/MacOSX.sdk/usr/lib]
  collapse framework dir [/Library/Developer/CommandLineTools/SDKs/MacOSX.sdk/System/Library/Frameworks/] ==> [/Library/Developer/CommandLineTools/SDKs/MacOSX.sdk/System/Library/Frameworks]
  implicit libs: [c++]
  implicit objs: []
  implicit dirs: [/Library/Developer/CommandLineTools/SDKs/MacOSX.sdk/usr/lib]
  implicit fwks: [/Library/Developer/CommandLineTools/SDKs/MacOSX.sdk/System/Library/Frameworks]


Performing C++ SOURCE FILE Test SUPPORTS_CXXFLAG_frame_larger_than=65536 succeeded with the following output:
Change Dir: /Users/pxcai/cpx/source/pyju/build/CMakeFiles/CMakeTmp

Run Build Command(s):/usr/bin/make -f Makefile cmTC_3300c/fast && /Library/Developer/CommandLineTools/usr/bin/make  -f CMakeFiles/cmTC_3300c.dir/build.make CMakeFiles/cmTC_3300c.dir/build
Building CXX object CMakeFiles/cmTC_3300c.dir/src.cxx.o
/usr/local/opt/llvm@8/bin/clang++ -DSUPPORTS_CXXFLAG_frame_larger_than=65536  -fsized-deallocation -Wextra  -isysroot /Library/Developer/CommandLineTools/SDKs/MacOSX11.1.sdk -mmacosx-version-min=10.15   -Wframe-larger-than=65536 -std=gnu++2a -MD -MT CMakeFiles/cmTC_3300c.dir/src.cxx.o -MF CMakeFiles/cmTC_3300c.dir/src.cxx.o.d -o CMakeFiles/cmTC_3300c.dir/src.cxx.o -c /Users/pxcai/cpx/source/pyju/build/CMakeFiles/CMakeTmp/src.cxx
Linking CXX executable cmTC_3300c
/usr/local/Cellar/cmake/3.20.1/bin/cmake -E cmake_link_script CMakeFiles/cmTC_3300c.dir/link.txt --verbose=1
/usr/local/opt/llvm@8/bin/clang++  -fsized-deallocation -Wextra  -isysroot /Library/Developer/CommandLineTools/SDKs/MacOSX11.1.sdk -mmacosx-version-min=10.15 -Wl,-search_paths_first -Wl,-headerpad_max_install_names CMakeFiles/cmTC_3300c.dir/src.cxx.o -o cmTC_3300c 


Source file was:
int main() { return 0; }
Performing C SOURCE FILE Test SUPPORTS_CFLAG_frame_larger_than=65536 succeeded with the following output:
Change Dir: /Users/pxcai/cpx/source/pyju/build/CMakeFiles/CMakeTmp

Run Build Command(s):/usr/bin/make -f Makefile cmTC_2f018/fast && /Library/Developer/CommandLineTools/usr/bin/make  -f CMakeFiles/cmTC_2f018.dir/build.make CMakeFiles/cmTC_2f018.dir/build
Building C object CMakeFiles/cmTC_2f018.dir/src.c.o
/usr/local/opt/llvm@8/bin/clang -DSUPPORTS_CFLAG_frame_larger_than=65536  -isysroot /Library/Developer/CommandLineTools/SDKs/MacOSX11.1.sdk -mmacosx-version-min=10.15   -Wframe-larger-than=65536 -MD -MT CMakeFiles/cmTC_2f018.dir/src.c.o -MF CMakeFiles/cmTC_2f018.dir/src.c.o.d -o CMakeFiles/cmTC_2f018.dir/src.c.o -c /Users/pxcai/cpx/source/pyju/build/CMakeFiles/CMakeTmp/src.c
Linking C executable cmTC_2f018
/usr/local/Cellar/cmake/3.20.1/bin/cmake -E cmake_link_script CMakeFiles/cmTC_2f018.dir/link.txt --verbose=1
/usr/local/opt/llvm@8/bin/clang  -isysroot /Library/Developer/CommandLineTools/SDKs/MacOSX11.1.sdk -mmacosx-version-min=10.15 -Wl,-search_paths_first -Wl,-headerpad_max_install_names CMakeFiles/cmTC_2f018.dir/src.c.o -o cmTC_2f018 


Source file was:
int main(void) { return 0; }
Performing C++ SOURCE FILE Test SUPPORTS_CXXFLAG_frame_larger_than=65536 succeeded with the following output:
Change Dir: /Users/pxcai/cpx/source/pyju/build/CMakeFiles/CMakeTmp

Run Build Command(s):/usr/bin/make -f Makefile cmTC_d03f0/fast && /Library/Developer/CommandLineTools/usr/bin/make  -f CMakeFiles/cmTC_d03f0.dir/build.make CMakeFiles/cmTC_d03f0.dir/build
Building CXX object CMakeFiles/cmTC_d03f0.dir/src.cxx.o
/usr/local/opt/llvm@8/bin/clang++ -DSUPPORTS_CXXFLAG_frame_larger_than=65536  -fsized-deallocation -Wextra  -isysroot /Library/Developer/CommandLineTools/SDKs/MacOSX11.1.sdk -mmacosx-version-min=10.15   -Wframe-larger-than=65536 -std=gnu++2a -MD -MT CMakeFiles/cmTC_d03f0.dir/src.cxx.o -MF CMakeFiles/cmTC_d03f0.dir/src.cxx.o.d -o CMakeFiles/cmTC_d03f0.dir/src.cxx.o -c /Users/pxcai/cpx/source/pyju/build/CMakeFiles/CMakeTmp/src.cxx
Linking CXX executable cmTC_d03f0
/usr/local/Cellar/cmake/3.20.1/bin/cmake -E cmake_link_script CMakeFiles/cmTC_d03f0.dir/link.txt --verbose=1
/usr/local/opt/llvm@8/bin/clang++  -fsized-deallocation -Wextra  -isysroot /Library/Developer/CommandLineTools/SDKs/MacOSX11.1.sdk -mmacosx-version-min=10.15 -Wl,-search_paths_first -Wl,-headerpad_max_install_names CMakeFiles/cmTC_d03f0.dir/src.cxx.o -o cmTC_d03f0 


Source file was:
int main() { return 0; }
Performing C SOURCE FILE Test SUPPORTS_CFLAG_frame_larger_than=65536 succeeded with the following output:
Change Dir: /Users/pxcai/cpx/source/pyju/build/CMakeFiles/CMakeTmp

Run Build Command(s):/usr/bin/make -f Makefile cmTC_fbc70/fast && /Library/Developer/CommandLineTools/usr/bin/make  -f CMakeFiles/cmTC_fbc70.dir/build.make CMakeFiles/cmTC_fbc70.dir/build
Building C object CMakeFiles/cmTC_fbc70.dir/src.c.o
/usr/local/opt/llvm@8/bin/clang -DSUPPORTS_CFLAG_frame_larger_than=65536  -isysroot /Library/Developer/CommandLineTools/SDKs/MacOSX11.1.sdk -mmacosx-version-min=10.15   -Wframe-larger-than=65536 -MD -MT CMakeFiles/cmTC_fbc70.dir/src.c.o -MF CMakeFiles/cmTC_fbc70.dir/src.c.o.d -o CMakeFiles/cmTC_fbc70.dir/src.c.o -c /Users/pxcai/cpx/source/pyju/build/CMakeFiles/CMakeTmp/src.c
Linking C executable cmTC_fbc70
/usr/local/Cellar/cmake/3.20.1/bin/cmake -E cmake_link_script CMakeFiles/cmTC_fbc70.dir/link.txt --verbose=1
/usr/local/opt/llvm@8/bin/clang  -isysroot /Library/Developer/CommandLineTools/SDKs/MacOSX11.1.sdk -mmacosx-version-min=10.15 -Wl,-search_paths_first -Wl,-headerpad_max_install_names CMakeFiles/cmTC_fbc70.dir/src.c.o -o cmTC_fbc70 


Source file was:
int main(void) { return 0; }
Performing C++ SOURCE FILE Test SUPPORTS_CXXFLAG_frame_larger_than=65536 succeeded with the following output:
Change Dir: /Users/pxcai/cpx/source/pyju/build/CMakeFiles/CMakeTmp

Run Build Command(s):/usr/bin/make -f Makefile cmTC_cae16/fast && /Library/Developer/CommandLineTools/usr/bin/make  -f CMakeFiles/cmTC_cae16.dir/build.make CMakeFiles/cmTC_cae16.dir/build
Building CXX object CMakeFiles/cmTC_cae16.dir/src.cxx.o
/usr/local/opt/llvm@8/bin/clang++ -DSUPPORTS_CXXFLAG_frame_larger_than=65536  -fsized-deallocation -Wextra  -isysroot /Library/Developer/CommandLineTools/SDKs/MacOSX11.1.sdk -mmacosx-version-min=10.15   -Wframe-larger-than=65536 -std=gnu++2a -MD -MT CMakeFiles/cmTC_cae16.dir/src.cxx.o -MF CMakeFiles/cmTC_cae16.dir/src.cxx.o.d -o CMakeFiles/cmTC_cae16.dir/src.cxx.o -c /Users/pxcai/cpx/source/pyju/build/CMakeFiles/CMakeTmp/src.cxx
Linking CXX executable cmTC_cae16
/usr/local/Cellar/cmake/3.20.1/bin/cmake -E cmake_link_script CMakeFiles/cmTC_cae16.dir/link.txt --verbose=1
/usr/local/opt/llvm@8/bin/clang++  -fsized-deallocation -Wextra  -isysroot /Library/Developer/CommandLineTools/SDKs/MacOSX11.1.sdk -mmacosx-version-min=10.15 -Wl,-search_paths_first -Wl,-headerpad_max_install_names CMakeFiles/cmTC_cae16.dir/src.cxx.o -o cmTC_cae16 


Source file was:
int main() { return 0; }
Performing C SOURCE FILE Test SUPPORTS_CFLAG_frame_larger_than=65536 succeeded with the following output:
Change Dir: /Users/pxcai/cpx/source/pyju/build/CMakeFiles/CMakeTmp

Run Build Command(s):/usr/bin/make -f Makefile cmTC_3491b/fast && /Library/Developer/CommandLineTools/usr/bin/make  -f CMakeFiles/cmTC_3491b.dir/build.make CMakeFiles/cmTC_3491b.dir/build
Building C object CMakeFiles/cmTC_3491b.dir/src.c.o
/usr/local/opt/llvm@8/bin/clang -DSUPPORTS_CFLAG_frame_larger_than=65536  -isysroot /Library/Developer/CommandLineTools/SDKs/MacOSX11.1.sdk -mmacosx-version-min=10.15   -Wframe-larger-than=65536 -MD -MT CMakeFiles/cmTC_3491b.dir/src.c.o -MF CMakeFiles/cmTC_3491b.dir/src.c.o.d -o CMakeFiles/cmTC_3491b.dir/src.c.o -c /Users/pxcai/cpx/source/pyju/build/CMakeFiles/CMakeTmp/src.c
Linking C executable cmTC_3491b
/usr/local/Cellar/cmake/3.20.1/bin/cmake -E cmake_link_script CMakeFiles/cmTC_3491b.dir/link.txt --verbose=1
/usr/local/opt/llvm@8/bin/clang  -isysroot /Library/Developer/CommandLineTools/SDKs/MacOSX11.1.sdk -mmacosx-version-min=10.15 -Wl,-search_paths_first -Wl,-headerpad_max_install_names CMakeFiles/cmTC_3491b.dir/src.c.o -o cmTC_3491b 


Source file was:
int main(void) { return 0; }
Performing C++ SOURCE FILE Test SUPPORTS_CXXFLAG_frame_larger_than=65536 succeeded with the following output:
Change Dir: /Users/pxcai/cpx/source/pyju/build/CMakeFiles/CMakeTmp

Run Build Command(s):/usr/bin/make -f Makefile cmTC_a33d5/fast && /Library/Developer/CommandLineTools/usr/bin/make  -f CMakeFiles/cmTC_a33d5.dir/build.make CMakeFiles/cmTC_a33d5.dir/build
Building CXX object CMakeFiles/cmTC_a33d5.dir/src.cxx.o
/usr/local/opt/llvm@8/bin/clang++ -DSUPPORTS_CXXFLAG_frame_larger_than=65536  -fsized-deallocation -Wextra  -isysroot /Library/Developer/CommandLineTools/SDKs/MacOSX11.1.sdk -mmacosx-version-min=10.15   -Wframe-larger-than=65536 -std=gnu++2a -MD -MT CMakeFiles/cmTC_a33d5.dir/src.cxx.o -MF CMakeFiles/cmTC_a33d5.dir/src.cxx.o.d -o CMakeFiles/cmTC_a33d5.dir/src.cxx.o -c /Users/pxcai/cpx/source/pyju/build/CMakeFiles/CMakeTmp/src.cxx
Linking CXX executable cmTC_a33d5
/usr/local/Cellar/cmake/3.20.1/bin/cmake -E cmake_link_script CMakeFiles/cmTC_a33d5.dir/link.txt --verbose=1
/usr/local/opt/llvm@8/bin/clang++  -fsized-deallocation -Wextra  -isysroot /Library/Developer/CommandLineTools/SDKs/MacOSX11.1.sdk -mmacosx-version-min=10.15 -Wl,-search_paths_first -Wl,-headerpad_max_install_names CMakeFiles/cmTC_a33d5.dir/src.cxx.o -o cmTC_a33d5 


Source file was:
int main() { return 0; }
Performing C SOURCE FILE Test SUPPORTS_CFLAG_frame_larger_than=65536 succeeded with the following output:
Change Dir: /Users/pxcai/cpx/source/pyju/build/CMakeFiles/CMakeTmp

Run Build Command(s):/usr/bin/make -f Makefile cmTC_cbf6c/fast && /Library/Developer/CommandLineTools/usr/bin/make  -f CMakeFiles/cmTC_cbf6c.dir/build.make CMakeFiles/cmTC_cbf6c.dir/build
Building C object CMakeFiles/cmTC_cbf6c.dir/src.c.o
/usr/local/opt/llvm@8/bin/clang -DSUPPORTS_CFLAG_frame_larger_than=65536  -isysroot /Library/Developer/CommandLineTools/SDKs/MacOSX11.1.sdk -mmacosx-version-min=10.15   -Wframe-larger-than=65536 -MD -MT CMakeFiles/cmTC_cbf6c.dir/src.c.o -MF CMakeFiles/cmTC_cbf6c.dir/src.c.o.d -o CMakeFiles/cmTC_cbf6c.dir/src.c.o -c /Users/pxcai/cpx/source/pyju/build/CMakeFiles/CMakeTmp/src.c
Linking C executable cmTC_cbf6c
/usr/local/Cellar/cmake/3.20.1/bin/cmake -E cmake_link_script CMakeFiles/cmTC_cbf6c.dir/link.txt --verbose=1
/usr/local/opt/llvm@8/bin/clang  -isysroot /Library/Developer/CommandLineTools/SDKs/MacOSX11.1.sdk -mmacosx-version-min=10.15 -Wl,-search_paths_first -Wl,-headerpad_max_install_names CMakeFiles/cmTC_cbf6c.dir/src.c.o -o cmTC_cbf6c 


Source file was:
int main(void) { return 0; }
Performing C++ SOURCE FILE Test SUPPORTS_CXXFLAG_frame_larger_than=65536 succeeded with the following output:
Change Dir: /Users/pxcai/cpx/source/pyju/build/CMakeFiles/CMakeTmp

Run Build Command(s):/usr/bin/make -f Makefile cmTC_8e9d0/fast && /Library/Developer/CommandLineTools/usr/bin/make  -f CMakeFiles/cmTC_8e9d0.dir/build.make CMakeFiles/cmTC_8e9d0.dir/build
Building CXX object CMakeFiles/cmTC_8e9d0.dir/src.cxx.o
/usr/local/opt/llvm@8/bin/clang++ -DSUPPORTS_CXXFLAG_frame_larger_than=65536  -fsized-deallocation -Wextra  -isysroot /Library/Developer/CommandLineTools/SDKs/MacOSX11.1.sdk -mmacosx-version-min=10.15   -Wframe-larger-than=65536 -std=gnu++2a -MD -MT CMakeFiles/cmTC_8e9d0.dir/src.cxx.o -MF CMakeFiles/cmTC_8e9d0.dir/src.cxx.o.d -o CMakeFiles/cmTC_8e9d0.dir/src.cxx.o -c /Users/pxcai/cpx/source/pyju/build/CMakeFiles/CMakeTmp/src.cxx
Linking CXX executable cmTC_8e9d0
/usr/local/Cellar/cmake/3.20.1/bin/cmake -E cmake_link_script CMakeFiles/cmTC_8e9d0.dir/link.txt --verbose=1
/usr/local/opt/llvm@8/bin/clang++  -fsized-deallocation -Wextra  -isysroot /Library/Developer/CommandLineTools/SDKs/MacOSX11.1.sdk -mmacosx-version-min=10.15 -Wl,-search_paths_first -Wl,-headerpad_max_install_names CMakeFiles/cmTC_8e9d0.dir/src.cxx.o -o cmTC_8e9d0 


Source file was:
int main() { return 0; }
Performing C SOURCE FILE Test SUPPORTS_CFLAG_frame_larger_than=65536 succeeded with the following output:
Change Dir: /Users/pxcai/cpx/source/pyju/build/CMakeFiles/CMakeTmp

Run Build Command(s):/usr/bin/make -f Makefile cmTC_be5c3/fast && /Library/Developer/CommandLineTools/usr/bin/make  -f CMakeFiles/cmTC_be5c3.dir/build.make CMakeFiles/cmTC_be5c3.dir/build
Building C object CMakeFiles/cmTC_be5c3.dir/src.c.o
/usr/local/opt/llvm@8/bin/clang -DSUPPORTS_CFLAG_frame_larger_than=65536  -isysroot /Library/Developer/CommandLineTools/SDKs/MacOSX11.1.sdk -mmacosx-version-min=10.15   -Wframe-larger-than=65536 -MD -MT CMakeFiles/cmTC_be5c3.dir/src.c.o -MF CMakeFiles/cmTC_be5c3.dir/src.c.o.d -o CMakeFiles/cmTC_be5c3.dir/src.c.o -c /Users/pxcai/cpx/source/pyju/build/CMakeFiles/CMakeTmp/src.c
Linking C executable cmTC_be5c3
/usr/local/Cellar/cmake/3.20.1/bin/cmake -E cmake_link_script CMakeFiles/cmTC_be5c3.dir/link.txt --verbose=1
/usr/local/opt/llvm@8/bin/clang  -isysroot /Library/Developer/CommandLineTools/SDKs/MacOSX11.1.sdk -mmacosx-version-min=10.15 -Wl,-search_paths_first -Wl,-headerpad_max_install_names CMakeFiles/cmTC_be5c3.dir/src.c.o -o cmTC_be5c3 


Source file was:
int main(void) { return 0; }
Performing C++ SOURCE FILE Test SUPPORTS_CXXFLAG_frame_larger_than=65536 succeeded with the following output:
Change Dir: /Users/pxcai/cpx/source/pyju/build/CMakeFiles/CMakeTmp

Run Build Command(s):/usr/bin/make -f Makefile cmTC_e876e/fast && /Library/Developer/CommandLineTools/usr/bin/make  -f CMakeFiles/cmTC_e876e.dir/build.make CMakeFiles/cmTC_e876e.dir/build
Building CXX object CMakeFiles/cmTC_e876e.dir/src.cxx.o
/usr/local/opt/llvm@8/bin/clang++ -DSUPPORTS_CXXFLAG_frame_larger_than=65536  -fsized-deallocation -Wextra  -isysroot /Library/Developer/CommandLineTools/SDKs/MacOSX11.1.sdk -mmacosx-version-min=10.15   -Wframe-larger-than=65536 -std=gnu++2a -MD -MT CMakeFiles/cmTC_e876e.dir/src.cxx.o -MF CMakeFiles/cmTC_e876e.dir/src.cxx.o.d -o CMakeFiles/cmTC_e876e.dir/src.cxx.o -c /Users/pxcai/cpx/source/pyju/build/CMakeFiles/CMakeTmp/src.cxx
Linking CXX executable cmTC_e876e
/usr/local/Cellar/cmake/3.20.1/bin/cmake -E cmake_link_script CMakeFiles/cmTC_e876e.dir/link.txt --verbose=1
/usr/local/opt/llvm@8/bin/clang++  -fsized-deallocation -Wextra  -isysroot /Library/Developer/CommandLineTools/SDKs/MacOSX11.1.sdk -mmacosx-version-min=10.15 -Wl,-search_paths_first -Wl,-headerpad_max_install_names CMakeFiles/cmTC_e876e.dir/src.cxx.o -o cmTC_e876e 


Source file was:
int main() { return 0; }
Performing C SOURCE FILE Test SUPPORTS_CFLAG_frame_larger_than=65536 succeeded with the following output:
Change Dir: /Users/pxcai/cpx/source/pyju/build/CMakeFiles/CMakeTmp

Run Build Command(s):/usr/bin/make -f Makefile cmTC_86228/fast && /Library/Developer/CommandLineTools/usr/bin/make  -f CMakeFiles/cmTC_86228.dir/build.make CMakeFiles/cmTC_86228.dir/build
Building C object CMakeFiles/cmTC_86228.dir/src.c.o
/usr/local/opt/llvm@8/bin/clang -DSUPPORTS_CFLAG_frame_larger_than=65536  -isysroot /Library/Developer/CommandLineTools/SDKs/MacOSX11.1.sdk -mmacosx-version-min=10.15   -Wframe-larger-than=65536 -MD -MT CMakeFiles/cmTC_86228.dir/src.c.o -MF CMakeFiles/cmTC_86228.dir/src.c.o.d -o CMakeFiles/cmTC_86228.dir/src.c.o -c /Users/pxcai/cpx/source/pyju/build/CMakeFiles/CMakeTmp/src.c
Linking C executable cmTC_86228
/usr/local/Cellar/cmake/3.20.1/bin/cmake -E cmake_link_script CMakeFiles/cmTC_86228.dir/link.txt --verbose=1
/usr/local/opt/llvm@8/bin/clang  -isysroot /Library/Developer/CommandLineTools/SDKs/MacOSX11.1.sdk -mmacosx-version-min=10.15 -Wl,-search_paths_first -Wl,-headerpad_max_install_names CMakeFiles/cmTC_86228.dir/src.c.o -o cmTC_86228 


Source file was:
int main(void) { return 0; }
